Warning: You are sending unauthenticated requests to the HF Hub. Please set a HF_TOKEN to enable higher rate limits and faster downloads.
Calibration Layer: Loaded 4 mode profiles from historical p5/p95 analysis.
Supplychainer V3 Brain Loaded: Production-Ready.
Multimodal Network: 316 nodes, 3482 edges (Data-Driven)
Loading weights:   0%|          | 0/103 [00:00<?, ?it/s]Loading weights: 100%|██████████| 103/103 [00:00<00:00, 12314.74it/s]
INFO:     Started server process [17840]
INFO:     Waiting for application startup.
INFO:     Application startup complete.
INFO:     Uvicorn running on http://0.0.0.0:8000 (Press CTRL+C to quit)
NLP Brain: Loaded Historical Anchor Matrix.
[STARTUP] Initializing Global Logistics Templates...
[STARTUP] Optimized Routing Templates Loaded.
Supplychainer Engine Active: Canonical Global Registry Loaded.
INFO:     127.0.0.1:60432 - "POST /api/recommend HTTP/1.1" 200 OK
INFO:     127.0.0.1:58848 - "POST /api/recommend HTTP/1.1" 200 OK
INFO:     Shutting down
INFO:     Waiting for application shutdown.
INFO:     Application shutdown complete.
INFO:     Finished server process [17840]
/usr/lib/python3.14/multiprocessing/resource_tracker.py:396: UserWarning: resource_tracker: There appear to be 1 leaked semaphore objects to clean up at shutdown: {'/loky-17840-g5wgm215'}
  warnings.warn(
